2017-01-02 13:07:21 - PHP Notice:  Undefined variable: module_row in E:\xampp\htdocs\opencart2302dev\admin\view\template\design\menu_form.tpl on line 144
2017-01-02 13:07:21 - PHP Notice:  Undefined variable: entry_title in E:\xampp\htdocs\opencart2302dev\admin\view\template\design\menu_form.tpl on line 148
2017-01-02 13:07:21 - PHP Notice:  Undefined variable: placeholder in E:\xampp\htdocs\opencart2302dev\admin\view\template\design\menu_form.tpl on line 150
2017-01-02 13:07:21 - PHP Notice:  Undefined variable: placeholder in E:\xampp\htdocs\opencart2302dev\admin\view\template\design\menu_form.tpl on line 150
2017-01-02 13:07:42 - PHP Notice:  Undefined variable: translation_row in E:\xampp\htdocs\opencart2302dev\admin\view\template\design\language_translation.tpl on line 16
2017-01-02 13:18:03 - PHP Notice:  Undefined variable: translation_row in E:\xampp\htdocs\opencart2302dev\admin\view\template\design\language_translation.tpl on line 16
2017-01-02 13:18:03 - PHP Notice:  Undefined variable: translation_row in E:\xampp\htdocs\opencart2302dev\admin\view\template\design\language_translation.tpl on line 16
2017-01-02 13:18:03 - PHP Notice:  Undefined variable: translation_row in E:\xampp\htdocs\opencart2302dev\admin\view\template\design\language_translation.tpl on line 16
2017-01-02 13:18:03 - PHP Notice:  Undefined variable: translation_row in E:\xampp\htdocs\opencart2302dev\admin\view\template\design\language_translation.tpl on line 16
2017-01-02 13:18:03 - PHP Notice:  Undefined variable: translation_row in E:\xampp\htdocs\opencart2302dev\admin\view\template\design\language_translation.tpl on line 16
2017-01-02 13:18:03 - PHP Notice:  Undefined variable: translation_row in E:\xampp\htdocs\opencart2302dev\admin\view\template\design\language_translation.tpl on line 16
2017-01-02 13:18:03 - PHP Notice:  Undefined variable: translation_row in E:\xampp\htdocs\opencart2302dev\admin\view\template\design\language_translation.tpl on line 16
2017-01-02 13:18:03 - PHP Notice:  Undefined variable: translation_row in E:\xampp\htdocs\opencart2302dev\admin\view\template\design\language_translation.tpl on line 16
2017-01-02 13:18:03 - PHP Notice:  Undefined variable: translation_row in E:\xampp\htdocs\opencart2302dev\admin\view\template\design\language_translation.tpl on line 16
2017-01-02 13:18:03 - PHP Notice:  Undefined variable: translation_row in E:\xampp\htdocs\opencart2302dev\admin\view\template\design\language_translation.tpl on line 16
2017-01-02 13:18:03 - PHP Notice:  Undefined variable: translation_row in E:\xampp\htdocs\opencart2302dev\admin\view\template\design\language_translation.tpl on line 16
2017-01-02 13:18:03 - PHP Notice:  Undefined variable: translation_row in E:\xampp\htdocs\opencart2302dev\admin\view\template\design\language_translation.tpl on line 16
2017-01-02 13:18:03 - PHP Notice:  Undefined variable: translation_row in E:\xampp\htdocs\opencart2302dev\admin\view\template\design\language_translation.tpl on line 16
2017-01-02 13:18:03 - PHP Notice:  Undefined variable: translation_row in E:\xampp\htdocs\opencart2302dev\admin\view\template\design\language_translation.tpl on line 16
2017-01-02 13:18:03 - PHP Notice:  Undefined variable: translation_row in E:\xampp\htdocs\opencart2302dev\admin\view\template\design\language_translation.tpl on line 16
2017-01-02 13:18:03 - PHP Notice:  Undefined variable: translation_row in E:\xampp\htdocs\opencart2302dev\admin\view\template\design\language_translation.tpl on line 16
2017-01-02 13:18:03 - PHP Notice:  Undefined variable: translation_row in E:\xampp\htdocs\opencart2302dev\admin\view\template\design\language_translation.tpl on line 16
2017-01-02 13:18:03 - PHP Notice:  Undefined variable: translation_row in E:\xampp\htdocs\opencart2302dev\admin\view\template\design\language_translation.tpl on line 16
2017-01-02 13:18:03 - PHP Notice:  Undefined variable: translation_row in E:\xampp\htdocs\opencart2302dev\admin\view\template\design\language_translation.tpl on line 16
2017-01-02 13:18:03 - PHP Notice:  Undefined variable: translation_row in E:\xampp\htdocs\opencart2302dev\admin\view\template\design\language_translation.tpl on line 16
2017-01-02 13:18:03 - PHP Notice:  Undefined variable: translation_row in E:\xampp\htdocs\opencart2302dev\admin\view\template\design\language_translation.tpl on line 16
2017-01-02 13:18:03 - PHP Notice:  Undefined variable: translation_row in E:\xampp\htdocs\opencart2302dev\admin\view\template\design\language_translation.tpl on line 16
2017-01-02 13:18:03 - PHP Notice:  Undefined variable: translation_row in E:\xampp\htdocs\opencart2302dev\admin\view\template\design\language_translation.tpl on line 16
2017-01-02 13:18:03 - PHP Notice:  Undefined variable: translation_row in E:\xampp\htdocs\opencart2302dev\admin\view\template\design\language_translation.tpl on line 16
2017-01-02 13:18:03 - PHP Notice:  Undefined variable: translation_row in E:\xampp\htdocs\opencart2302dev\admin\view\template\design\language_translation.tpl on line 16
2017-01-02 13:18:03 - PHP Notice:  Undefined variable: translation_row in E:\xampp\htdocs\opencart2302dev\admin\view\template\design\language_translation.tpl on line 16
2017-01-02 13:18:03 - PHP Notice:  Undefined variable: translation_row in E:\xampp\htdocs\opencart2302dev\admin\view\template\design\language_translation.tpl on line 16
2017-01-02 13:18:03 - PHP Notice:  Undefined variable: translation_row in E:\xampp\htdocs\opencart2302dev\admin\view\template\design\language_translation.tpl on line 16
2017-01-02 13:18:03 - PHP Notice:  Undefined variable: translation_row in E:\xampp\htdocs\opencart2302dev\admin\view\template\design\language_translation.tpl on line 16
2017-01-02 13:18:03 - PHP Notice:  Undefined variable: translation_row in E:\xampp\htdocs\opencart2302dev\admin\view\template\design\language_translation.tpl on line 16
2017-01-02 13:18:03 - PHP Notice:  Undefined variable: translation_row in E:\xampp\htdocs\opencart2302dev\admin\view\template\design\language_translation.tpl on line 16
2017-01-02 13:18:03 - PHP Notice:  Undefined variable: translation_row in E:\xampp\htdocs\opencart2302dev\admin\view\template\design\language_translation.tpl on line 16
2017-01-02 13:18:03 - PHP Notice:  Undefined variable: translation_row in E:\xampp\htdocs\opencart2302dev\admin\view\template\design\language_translation.tpl on line 16
2017-01-02 13:18:03 - PHP Notice:  Undefined variable: translation_row in E:\xampp\htdocs\opencart2302dev\admin\view\template\design\language_translation.tpl on line 16
2017-01-02 13:18:03 - PHP Notice:  Undefined variable: translation_row in E:\xampp\htdocs\opencart2302dev\admin\view\template\design\language_translation.tpl on line 16
2017-01-02 13:18:03 - PHP Notice:  Undefined variable: translation_row in E:\xampp\htdocs\opencart2302dev\admin\view\template\design\language_translation.tpl on line 16
2017-01-02 13:18:03 - PHP Notice:  Undefined variable: translation_row in E:\xampp\htdocs\opencart2302dev\admin\view\template\design\language_translation.tpl on line 16
2017-01-02 13:18:03 - PHP Notice:  Undefined variable: translation_row in E:\xampp\htdocs\opencart2302dev\admin\view\template\design\language_translation.tpl on line 16
2017-01-02 13:18:03 - PHP Notice:  Undefined variable: translation_row in E:\xampp\htdocs\opencart2302dev\admin\view\template\design\language_translation.tpl on line 16
2017-01-02 13:18:03 - PHP Notice:  Undefined variable: translation_row in E:\xampp\htdocs\opencart2302dev\admin\view\template\design\language_translation.tpl on line 16
2017-01-02 13:18:03 - PHP Notice:  Undefined variable: translation_row in E:\xampp\htdocs\opencart2302dev\admin\view\template\design\language_translation.tpl on line 16
2017-01-02 13:18:03 - PHP Notice:  Undefined variable: translation_row in E:\xampp\htdocs\opencart2302dev\admin\view\template\design\language_translation.tpl on line 16
2017-01-02 13:18:03 - PHP Notice:  Undefined variable: translation_row in E:\xampp\htdocs\opencart2302dev\admin\view\template\design\language_translation.tpl on line 16
2017-01-02 13:18:03 - PHP Notice:  Undefined variable: translation_row in E:\xampp\htdocs\opencart2302dev\admin\view\template\design\language_translation.tpl on line 16
2017-01-02 13:18:03 - PHP Notice:  Undefined variable: translation_row in E:\xampp\htdocs\opencart2302dev\admin\view\template\design\language_translation.tpl on line 16
2017-01-02 13:18:03 - PHP Notice:  Undefined variable: translation_row in E:\xampp\htdocs\opencart2302dev\admin\view\template\design\language_translation.tpl on line 16
2017-01-02 13:18:03 - PHP Notice:  Undefined variable: translation_row in E:\xampp\htdocs\opencart2302dev\admin\view\template\design\language_translation.tpl on line 16
2017-01-02 13:18:03 - PHP Notice:  Undefined variable: translation_row in E:\xampp\htdocs\opencart2302dev\admin\view\template\design\language_translation.tpl on line 16
2017-01-02 13:18:03 - PHP Notice:  Undefined variable: translation_row in E:\xampp\htdocs\opencart2302dev\admin\view\template\design\language_translation.tpl on line 16
2017-01-02 13:18:03 - PHP Notice:  Undefined variable: translation_row in E:\xampp\htdocs\opencart2302dev\admin\view\template\design\language_translation.tpl on line 16
2017-01-02 13:18:03 - PHP Notice:  Undefined variable: translation_row in E:\xampp\htdocs\opencart2302dev\admin\view\template\design\language_translation.tpl on line 16
2017-01-02 13:18:03 - PHP Notice:  Undefined variable: translation_row in E:\xampp\htdocs\opencart2302dev\admin\view\template\design\language_translation.tpl on line 16
2017-01-02 13:18:03 - PHP Notice:  Undefined variable: translation_row in E:\xampp\htdocs\opencart2302dev\admin\view\template\design\language_translation.tpl on line 16
2017-01-02 13:18:03 - PHP Notice:  Undefined variable: translation_row in E:\xampp\htdocs\opencart2302dev\admin\view\template\design\language_translation.tpl on line 16
2017-01-02 13:18:03 - PHP Notice:  Undefined variable: translation_row in E:\xampp\htdocs\opencart2302dev\admin\view\template\design\language_translation.tpl on line 16
2017-01-02 13:18:03 - PHP Notice:  Undefined variable: translation_row in E:\xampp\htdocs\opencart2302dev\admin\view\template\design\language_translation.tpl on line 16
2017-01-02 13:18:03 - PHP Notice:  Undefined variable: translation_row in E:\xampp\htdocs\opencart2302dev\admin\view\template\design\language_translation.tpl on line 16
2017-01-02 13:18:03 - PHP Notice:  Undefined variable: translation_row in E:\xampp\htdocs\opencart2302dev\admin\view\template\design\language_translation.tpl on line 16
2017-01-02 13:18:03 - PHP Notice:  Undefined variable: translation_row in E:\xampp\htdocs\opencart2302dev\admin\view\template\design\language_translation.tpl on line 16
2017-01-02 13:18:03 - PHP Notice:  Undefined variable: translation_row in E:\xampp\htdocs\opencart2302dev\admin\view\template\design\language_translation.tpl on line 16
2017-01-02 13:18:03 - PHP Notice:  Undefined variable: translation_row in E:\xampp\htdocs\opencart2302dev\admin\view\template\design\language_translation.tpl on line 16
2017-01-02 13:18:03 - PHP Notice:  Undefined variable: translation_row in E:\xampp\htdocs\opencart2302dev\admin\view\template\design\language_translation.tpl on line 16
2017-01-02 13:18:03 - PHP Notice:  Undefined variable: translation_row in E:\xampp\htdocs\opencart2302dev\admin\view\template\design\language_translation.tpl on line 16
2017-01-02 13:18:03 - PHP Notice:  Undefined variable: translation_row in E:\xampp\htdocs\opencart2302dev\admin\view\template\design\language_translation.tpl on line 16
2017-01-02 13:18:38 - PHP Notice:  Undefined variable: module_row in E:\xampp\htdocs\opencart2302dev\admin\view\template\design\menu_form.tpl on line 144
2017-01-02 13:18:38 - PHP Notice:  Undefined variable: entry_title in E:\xampp\htdocs\opencart2302dev\admin\view\template\design\menu_form.tpl on line 148
2017-01-02 13:18:38 - PHP Notice:  Undefined variable: placeholder in E:\xampp\htdocs\opencart2302dev\admin\view\template\design\menu_form.tpl on line 150
2017-01-02 13:18:38 - PHP Notice:  Undefined variable: placeholder in E:\xampp\htdocs\opencart2302dev\admin\view\template\design\menu_form.tpl on line 150
2017-01-02 13:19:17 - PHP Notice:  Use of undefined constant HTTP_TEST - assumed 'HTTP_TEST' in E:\xampp\htdocs\opencart2302dev\admin\controller\extension\store.php on line 76
2017-01-02 13:19:24 - PHP Notice:  Use of undefined constant HTTP_TEST - assumed 'HTTP_TEST' in E:\xampp\htdocs\opencart2302dev\admin\controller\extension\store.php on line 76
2017-01-02 13:22:18 - PHP Notice:  Use of undefined constant HTTP_TEST - assumed 'HTTP_TEST' in E:\xampp\htdocs\opencart2302dev\admin\controller\extension\store.php on line 76
2017-01-02 13:22:26 - PHP Notice:  Use of undefined constant HTTP_TEST - assumed 'HTTP_TEST' in E:\xampp\htdocs\opencart2302dev\admin\controller\extension\store.php on line 76
2017-01-02 13:26:09 - PHP Warning:  Invalid argument supplied for foreach() in E:\xampp\htdocs\opencart2302dev\system\storage\modification\system\engine\loader.php on line 53
2017-01-02 13:27:30 - PHP Warning:  Invalid argument supplied for foreach() in E:\xampp\htdocs\opencart2302dev\system\storage\modification\system\engine\loader.php on line 53
2017-01-02 13:28:35 - PHP Warning:  include(E:/xampp/htdocs/opencart2302dev/admin/view/template/module/visualbuilder/layouts/main.tpl): failed to open stream: No such file or directory in E:\xampp\htdocs\opencart2302dev\admin\view\template\extension\module\visualbuilder_form.tpl on line 74
2017-01-02 13:28:35 - PHP Warning:  include(): Failed opening 'E:/xampp/htdocs/opencart2302dev/admin/view/template/module/visualbuilder/layouts/main.tpl' for inclusion (include_path='E:\xampp\php\PEAR') in E:\xampp\htdocs\opencart2302dev\admin\view\template\extension\module\visualbuilder_form.tpl on line 74
2017-01-02 13:28:35 - PHP Warning:  include(E:/xampp/htdocs/opencart2302dev/admin/view/template/module/visualbuilder/modules.tpl): failed to open stream: No such file or directory in E:\xampp\htdocs\opencart2302dev\admin\view\template\extension\module\visualbuilder_form.tpl on line 80
2017-01-02 13:28:35 - PHP Warning:  include(): Failed opening 'E:/xampp/htdocs/opencart2302dev/admin/view/template/module/visualbuilder/modules.tpl' for inclusion (include_path='E:\xampp\php\PEAR') in E:\xampp\htdocs\opencart2302dev\admin\view\template\extension\module\visualbuilder_form.tpl on line 80
2017-01-02 13:28:47 - PHP Warning:  include(E:/xampp/htdocs/opencart2302dev/admin/view/template/module/visualbuilder/layouts/main.tpl): failed to open stream: No such file or directory in E:\xampp\htdocs\opencart2302dev\admin\view\template\extension\module\visualbuilder_form.tpl on line 74
2017-01-02 13:28:47 - PHP Warning:  include(): Failed opening 'E:/xampp/htdocs/opencart2302dev/admin/view/template/module/visualbuilder/layouts/main.tpl' for inclusion (include_path='E:\xampp\php\PEAR') in E:\xampp\htdocs\opencart2302dev\admin\view\template\extension\module\visualbuilder_form.tpl on line 74
2017-01-02 13:28:47 - PHP Warning:  include(E:/xampp/htdocs/opencart2302dev/admin/view/template/module/visualbuilder/modules.tpl): failed to open stream: No such file or directory in E:\xampp\htdocs\opencart2302dev\admin\view\template\extension\module\visualbuilder_form.tpl on line 80
2017-01-02 13:28:47 - PHP Warning:  include(): Failed opening 'E:/xampp/htdocs/opencart2302dev/admin/view/template/module/visualbuilder/modules.tpl' for inclusion (include_path='E:\xampp\php\PEAR') in E:\xampp\htdocs\opencart2302dev\admin\view\template\extension\module\visualbuilder_form.tpl on line 80
2017-01-02 13:28:50 - PHP Warning:  include(E:/xampp/htdocs/opencart2302dev/admin/view/template/module/visualbuilder/layouts/main.tpl): failed to open stream: No such file or directory in E:\xampp\htdocs\opencart2302dev\admin\view\template\extension\module\visualbuilder_form.tpl on line 74
2017-01-02 13:28:50 - PHP Warning:  include(): Failed opening 'E:/xampp/htdocs/opencart2302dev/admin/view/template/module/visualbuilder/layouts/main.tpl' for inclusion (include_path='E:\xampp\php\PEAR') in E:\xampp\htdocs\opencart2302dev\admin\view\template\extension\module\visualbuilder_form.tpl on line 74
2017-01-02 13:28:50 - PHP Warning:  include(E:/xampp/htdocs/opencart2302dev/admin/view/template/module/visualbuilder/modules.tpl): failed to open stream: No such file or directory in E:\xampp\htdocs\opencart2302dev\admin\view\template\extension\module\visualbuilder_form.tpl on line 80
2017-01-02 13:28:50 - PHP Warning:  include(): Failed opening 'E:/xampp/htdocs/opencart2302dev/admin/view/template/module/visualbuilder/modules.tpl' for inclusion (include_path='E:\xampp\php\PEAR') in E:\xampp\htdocs\opencart2302dev\admin\view\template\extension\module\visualbuilder_form.tpl on line 80
2017-01-02 13:28:51 - PHP Warning:  include(E:/xampp/htdocs/opencart2302dev/admin/view/template/module/visualbuilder/layouts/main.tpl): failed to open stream: No such file or directory in E:\xampp\htdocs\opencart2302dev\admin\view\template\extension\module\visualbuilder_form.tpl on line 74
2017-01-02 13:28:51 - PHP Warning:  include(): Failed opening 'E:/xampp/htdocs/opencart2302dev/admin/view/template/module/visualbuilder/layouts/main.tpl' for inclusion (include_path='E:\xampp\php\PEAR') in E:\xampp\htdocs\opencart2302dev\admin\view\template\extension\module\visualbuilder_form.tpl on line 74
2017-01-02 13:28:51 - PHP Warning:  include(E:/xampp/htdocs/opencart2302dev/admin/view/template/module/visualbuilder/modules.tpl): failed to open stream: No such file or directory in E:\xampp\htdocs\opencart2302dev\admin\view\template\extension\module\visualbuilder_form.tpl on line 80
2017-01-02 13:28:51 - PHP Warning:  include(): Failed opening 'E:/xampp/htdocs/opencart2302dev/admin/view/template/module/visualbuilder/modules.tpl' for inclusion (include_path='E:\xampp\php\PEAR') in E:\xampp\htdocs\opencart2302dev\admin\view\template\extension\module\visualbuilder_form.tpl on line 80
2017-01-02 13:30:16 - PHP Warning:  include(E:/xampp/htdocs/opencart2302dev/admin/view/template/module/visualbuilder/layouts/main.tpl): failed to open stream: No such file or directory in E:\xampp\htdocs\opencart2302dev\admin\view\template\extension\module\visualbuilder_form.tpl on line 74
2017-01-02 13:30:16 - PHP Warning:  include(): Failed opening 'E:/xampp/htdocs/opencart2302dev/admin/view/template/module/visualbuilder/layouts/main.tpl' for inclusion (include_path='E:\xampp\php\PEAR') in E:\xampp\htdocs\opencart2302dev\admin\view\template\extension\module\visualbuilder_form.tpl on line 74
2017-01-02 13:30:16 - PHP Warning:  include(E:/xampp/htdocs/opencart2302dev/admin/view/template/module/visualbuilder/modules.tpl): failed to open stream: No such file or directory in E:\xampp\htdocs\opencart2302dev\admin\view\template\extension\module\visualbuilder_form.tpl on line 80
2017-01-02 13:30:16 - PHP Warning:  include(): Failed opening 'E:/xampp/htdocs/opencart2302dev/admin/view/template/module/visualbuilder/modules.tpl' for inclusion (include_path='E:\xampp\php\PEAR') in E:\xampp\htdocs\opencart2302dev\admin\view\template\extension\module\visualbuilder_form.tpl on line 80
2017-01-02 13:32:06 - PHP Warning:  include(E:/xampp/htdocs/opencart2302dev/admin/view/template/module/visualbuilder/layouts/main.tpl): failed to open stream: No such file or directory in E:\xampp\htdocs\opencart2302dev\admin\view\template\extension\module\visualbuilder_form.tpl on line 74
2017-01-02 13:32:06 - PHP Warning:  include(): Failed opening 'E:/xampp/htdocs/opencart2302dev/admin/view/template/module/visualbuilder/layouts/main.tpl' for inclusion (include_path='E:\xampp\php\PEAR') in E:\xampp\htdocs\opencart2302dev\admin\view\template\extension\module\visualbuilder_form.tpl on line 74
2017-01-02 13:32:06 - PHP Warning:  include(E:/xampp/htdocs/opencart2302dev/admin/view/template/module/visualbuilder/modules.tpl): failed to open stream: No such file or directory in E:\xampp\htdocs\opencart2302dev\admin\view\template\extension\module\visualbuilder_form.tpl on line 80
2017-01-02 13:32:06 - PHP Warning:  include(): Failed opening 'E:/xampp/htdocs/opencart2302dev/admin/view/template/module/visualbuilder/modules.tpl' for inclusion (include_path='E:\xampp\php\PEAR') in E:\xampp\htdocs\opencart2302dev\admin\view\template\extension\module\visualbuilder_form.tpl on line 80
2017-01-02 13:33:12 - PHP Warning:  include(E:/xampp/htdocs/opencart2302dev/admin/view/template/extension/extension/module/visualbuilder/modules.tpl): failed to open stream: No such file or directory in E:\xampp\htdocs\opencart2302dev\admin\view\template\extension\module\visualbuilder_form.tpl on line 80
2017-01-02 13:33:12 - PHP Warning:  include(): Failed opening 'E:/xampp/htdocs/opencart2302dev/admin/view/template/extension/extension/module/visualbuilder/modules.tpl' for inclusion (include_path='E:\xampp\php\PEAR') in E:\xampp\htdocs\opencart2302dev\admin\view\template\extension\module\visualbuilder_form.tpl on line 80
2017-01-02 13:33:22 - PHP Unknown:  Argument 2 passed to Event::trigger() must be of the type array, string given, called in E:\xampp\htdocs\opencart2302dev\admin\model\extension\visualbuilder.php on line 14 and defined in E:\xampp\htdocs\opencart2302dev\system\engine\event.php on line 19
2017-01-02 13:33:22 - PHP Warning:  include(E:/xampp/htdocs/opencart2302dev/admin/view/template/extension/extension/module/visualbuilder/modules.tpl): failed to open stream: No such file or directory in E:\xampp\htdocs\opencart2302dev\admin\view\template\extension\module\visualbuilder_form.tpl on line 80
2017-01-02 13:33:22 - PHP Warning:  include(): Failed opening 'E:/xampp/htdocs/opencart2302dev/admin/view/template/extension/extension/module/visualbuilder/modules.tpl' for inclusion (include_path='E:\xampp\php\PEAR') in E:\xampp\htdocs\opencart2302dev\admin\view\template\extension\module\visualbuilder_form.tpl on line 80
2017-01-02 13:33:28 - PHP Warning:  include(E:/xampp/htdocs/opencart2302dev/admin/view/template/extension/extension/module/visualbuilder/modules.tpl): failed to open stream: No such file or directory in E:\xampp\htdocs\opencart2302dev\admin\view\template\extension\module\visualbuilder_form.tpl on line 80
2017-01-02 13:33:28 - PHP Warning:  include(): Failed opening 'E:/xampp/htdocs/opencart2302dev/admin/view/template/extension/extension/module/visualbuilder/modules.tpl' for inclusion (include_path='E:\xampp\php\PEAR') in E:\xampp\htdocs\opencart2302dev\admin\view\template\extension\module\visualbuilder_form.tpl on line 80
2017-01-02 13:34:48 - PHP Warning:  include(E:/xampp/htdocs/opencart2302dev/admin/view/template/extension/extension/module/visualbuilder/modules.tpl): failed to open stream: No such file or directory in E:\xampp\htdocs\opencart2302dev\admin\view\template\extension\module\visualbuilder_form.tpl on line 81
2017-01-02 13:34:48 - PHP Warning:  include(): Failed opening 'E:/xampp/htdocs/opencart2302dev/admin/view/template/extension/extension/module/visualbuilder/modules.tpl' for inclusion (include_path='E:\xampp\php\PEAR') in E:\xampp\htdocs\opencart2302dev\admin\view\template\extension\module\visualbuilder_form.tpl on line 81
2017-01-02 13:35:42 - PHP Unknown:  Argument 2 passed to Event::trigger() must be of the type array, string given, called in E:\xampp\htdocs\opencart2302dev\admin\model\extension\visualbuilder.php on line 14 and defined in E:\xampp\htdocs\opencart2302dev\system\engine\event.php on line 19
2017-01-02 13:35:48 - PHP Unknown:  Argument 2 passed to Event::trigger() must be of the type array, string given, called in E:\xampp\htdocs\opencart2302dev\admin\model\extension\visualbuilder.php on line 14 and defined in E:\xampp\htdocs\opencart2302dev\system\engine\event.php on line 19
2017-01-02 13:36:33 - PHP Unknown:  Argument 2 passed to Event::trigger() must be of the type array, string given, called in E:\xampp\htdocs\opencart2302dev\admin\model\extension\visualbuilder.php on line 14 and defined in E:\xampp\htdocs\opencart2302dev\system\engine\event.php on line 19
2017-01-02 13:45:50 - PHP Unknown:  Argument 2 passed to Event::trigger() must be of the type array, string given, called in E:\xampp\htdocs\opencart2302dev\admin\model\extension\visualbuilder.php on line 14 and defined in E:\xampp\htdocs\opencart2302dev\system\engine\event.php on line 19
2017-01-02 14:30:22 - PHP Notice:  Undefined variable: text_main_top in E:\xampp\htdocs\opencart2302dev\admin\view\template\extension\module\visualbuilder\positions\main_top.tpl on line 4
2017-01-02 14:30:22 - PHP Notice:  Undefined variable: text_main_top in E:\xampp\htdocs\opencart2302dev\admin\view\template\extension\module\visualbuilder\positions\main_bottom.tpl on line 4
2017-01-02 14:37:53 - PHP Unknown:  Argument 2 passed to Event::trigger() must be of the type array, string given, called in E:\xampp\htdocs\opencart2302dev\admin\model\extension\visualbuilder.php on line 14 and defined in E:\xampp\htdocs\opencart2302dev\system\engine\event.php on line 19
2017-01-02 14:38:35 - PHP Unknown:  Argument 2 passed to Event::trigger() must be of the type array, string given, called in E:\xampp\htdocs\opencart2302dev\admin\model\extension\visualbuilder.php on line 14 and defined in E:\xampp\htdocs\opencart2302dev\system\engine\event.php on line 19
2017-01-02 14:42:57 - PHP Unknown:  Argument 2 passed to Event::trigger() must be of the type array, string given, called in E:\xampp\htdocs\opencart2302dev\admin\model\extension\visualbuilder.php on line 14 and defined in E:\xampp\htdocs\opencart2302dev\system\engine\event.php on line 19
2017-01-02 15:11:16 - PHP Notice:  Undefined variable: module_row in E:\xampp\htdocs\opencart2302dev\admin\view\template\design\menu_form.tpl on line 144
2017-01-02 15:11:16 - PHP Notice:  Undefined variable: entry_title in E:\xampp\htdocs\opencart2302dev\admin\view\template\design\menu_form.tpl on line 148
2017-01-02 15:11:16 - PHP Notice:  Undefined variable: placeholder in E:\xampp\htdocs\opencart2302dev\admin\view\template\design\menu_form.tpl on line 150
2017-01-02 15:11:16 - PHP Notice:  Undefined variable: placeholder in E:\xampp\htdocs\opencart2302dev\admin\view\template\design\menu_form.tpl on line 150
2017-01-02 15:11:30 - PHP Notice:  Undefined index: link in E:\xampp\htdocs\opencart2302dev\admin\model\design\menu.php on line 4
2017-01-02 15:11:30 - PHP Notice:  Undefined index: store in E:\xampp\htdocs\opencart2302dev\admin\controller\design\menu.php on line 178
2017-01-02 15:11:34 - PHP Notice:  Undefined index: store in E:\xampp\htdocs\opencart2302dev\admin\controller\design\menu.php on line 178
2017-01-02 15:11:52 - PHP Notice:  Undefined variable: translation_row in E:\xampp\htdocs\opencart2302dev\admin\view\template\design\language_translation.tpl on line 16
2017-01-02 15:11:52 - PHP Notice:  Undefined variable: translation_row in E:\xampp\htdocs\opencart2302dev\admin\view\template\design\language_translation.tpl on line 16
2017-01-02 15:11:52 - PHP Notice:  Undefined variable: translation_row in E:\xampp\htdocs\opencart2302dev\admin\view\template\design\language_translation.tpl on line 16
2017-01-02 15:11:52 - PHP Notice:  Undefined variable: translation_row in E:\xampp\htdocs\opencart2302dev\admin\view\template\design\language_translation.tpl on line 16
2017-01-02 15:11:52 - PHP Notice:  Undefined variable: translation_row in E:\xampp\htdocs\opencart2302dev\admin\view\template\design\language_translation.tpl on line 16
2017-01-02 15:11:52 - PHP Notice:  Undefined variable: translation_row in E:\xampp\htdocs\opencart2302dev\admin\view\template\design\language_translation.tpl on line 16
2017-01-02 15:11:52 - PHP Notice:  Undefined variable: translation_row in E:\xampp\htdocs\opencart2302dev\admin\view\template\design\language_translation.tpl on line 16
2017-01-02 15:11:52 - PHP Notice:  Undefined variable: translation_row in E:\xampp\htdocs\opencart2302dev\admin\view\template\design\language_translation.tpl on line 16
2017-01-02 15:11:52 - PHP Notice:  Undefined variable: translation_row in E:\xampp\htdocs\opencart2302dev\admin\view\template\design\language_translation.tpl on line 16
2017-01-02 15:11:52 - PHP Notice:  Undefined variable: translation_row in E:\xampp\htdocs\opencart2302dev\admin\view\template\design\language_translation.tpl on line 16
2017-01-02 15:11:52 - PHP Notice:  Undefined variable: translation_row in E:\xampp\htdocs\opencart2302dev\admin\view\template\design\language_translation.tpl on line 16
2017-01-02 15:11:52 - PHP Notice:  Undefined variable: translation_row in E:\xampp\htdocs\opencart2302dev\admin\view\template\design\language_translation.tpl on line 16
2017-01-02 15:11:52 - PHP Notice:  Undefined variable: translation_row in E:\xampp\htdocs\opencart2302dev\admin\view\template\design\language_translation.tpl on line 16
2017-01-02 15:11:52 - PHP Notice:  Undefined variable: translation_row in E:\xampp\htdocs\opencart2302dev\admin\view\template\design\language_translation.tpl on line 16
2017-01-02 15:11:52 - PHP Notice:  Undefined variable: translation_row in E:\xampp\htdocs\opencart2302dev\admin\view\template\design\language_translation.tpl on line 16
2017-01-02 15:11:52 - PHP Notice:  Undefined variable: translation_row in E:\xampp\htdocs\opencart2302dev\admin\view\template\design\language_translation.tpl on line 16
2017-01-02 15:11:52 - PHP Notice:  Undefined variable: translation_row in E:\xampp\htdocs\opencart2302dev\admin\view\template\design\language_translation.tpl on line 16
2017-01-02 15:11:52 - PHP Notice:  Undefined variable: translation_row in E:\xampp\htdocs\opencart2302dev\admin\view\template\design\language_translation.tpl on line 16
2017-01-02 15:11:52 - PHP Notice:  Undefined variable: translation_row in E:\xampp\htdocs\opencart2302dev\admin\view\template\design\language_translation.tpl on line 16
2017-01-02 15:11:52 - PHP Notice:  Undefined variable: translation_row in E:\xampp\htdocs\opencart2302dev\admin\view\template\design\language_translation.tpl on line 16
2017-01-02 15:11:52 - PHP Notice:  Undefined variable: translation_row in E:\xampp\htdocs\opencart2302dev\admin\view\template\design\language_translation.tpl on line 16
2017-01-02 15:12:37 - PHP Notice:  Undefined variable: translation_row in E:\xampp\htdocs\opencart2302dev\admin\view\template\design\language_translation.tpl on line 16
2017-01-02 15:12:37 - PHP Notice:  Undefined variable: translation_row in E:\xampp\htdocs\opencart2302dev\admin\view\template\design\language_translation.tpl on line 16
2017-01-02 15:12:37 - PHP Notice:  Undefined variable: translation_row in E:\xampp\htdocs\opencart2302dev\admin\view\template\design\language_translation.tpl on line 16
2017-01-02 15:12:37 - PHP Notice:  Undefined variable: translation_row in E:\xampp\htdocs\opencart2302dev\admin\view\template\design\language_translation.tpl on line 16
2017-01-02 15:12:37 - PHP Notice:  Undefined variable: translation_row in E:\xampp\htdocs\opencart2302dev\admin\view\template\design\language_translation.tpl on line 16
2017-01-02 15:12:52 - PHP Notice:  Undefined variable: translation_row in E:\xampp\htdocs\opencart2302dev\admin\view\template\design\language_translation.tpl on line 16
2017-01-02 15:12:52 - PHP Notice:  Undefined variable: translation_row in E:\xampp\htdocs\opencart2302dev\admin\view\template\design\language_translation.tpl on line 16
2017-01-02 15:12:52 - PHP Notice:  Undefined variable: translation_row in E:\xampp\htdocs\opencart2302dev\admin\view\template\design\language_translation.tpl on line 16
2017-01-02 15:12:52 - PHP Notice:  Undefined variable: translation_row in E:\xampp\htdocs\opencart2302dev\admin\view\template\design\language_translation.tpl on line 16
2017-01-02 15:12:52 - PHP Notice:  Undefined variable: translation_row in E:\xampp\htdocs\opencart2302dev\admin\view\template\design\language_translation.tpl on line 16
2017-01-02 15:12:52 - PHP Notice:  Undefined variable: translation_row in E:\xampp\htdocs\opencart2302dev\admin\view\template\design\language_translation.tpl on line 16
2017-01-02 15:12:52 - PHP Notice:  Undefined variable: translation_row in E:\xampp\htdocs\opencart2302dev\admin\view\template\design\language_translation.tpl on line 16
2017-01-02 15:12:52 - PHP Notice:  Undefined variable: translation_row in E:\xampp\htdocs\opencart2302dev\admin\view\template\design\language_translation.tpl on line 16
2017-01-02 15:12:52 - PHP Notice:  Undefined variable: translation_row in E:\xampp\htdocs\opencart2302dev\admin\view\template\design\language_translation.tpl on line 16
2017-01-02 15:12:52 - PHP Notice:  Undefined variable: translation_row in E:\xampp\htdocs\opencart2302dev\admin\view\template\design\language_translation.tpl on line 16
2017-01-02 15:12:52 - PHP Notice:  Undefined variable: translation_row in E:\xampp\htdocs\opencart2302dev\admin\view\template\design\language_translation.tpl on line 16
2017-01-02 15:12:52 - PHP Notice:  Undefined variable: translation_row in E:\xampp\htdocs\opencart2302dev\admin\view\template\design\language_translation.tpl on line 16
2017-01-02 15:12:52 - PHP Notice:  Undefined variable: translation_row in E:\xampp\htdocs\opencart2302dev\admin\view\template\design\language_translation.tpl on line 16
2017-01-02 15:12:52 - PHP Notice:  Undefined variable: translation_row in E:\xampp\htdocs\opencart2302dev\admin\view\template\design\language_translation.tpl on line 16
2017-01-02 15:12:52 - PHP Notice:  Undefined variable: translation_row in E:\xampp\htdocs\opencart2302dev\admin\view\template\design\language_translation.tpl on line 16
2017-01-02 15:21:20 - PHP Warning:  mkdir(): No such file or directory in E:\xampp\htdocs\opencart2302dev\admin\controller\localisation\lang_editor.php on line 181
2017-01-02 15:21:20 - PHP Notice:  Array to string conversion in E:\xampp\htdocs\opencart2302dev\admin\view\template\localisation\lang_editor_form.tpl on line 33
2017-01-02 15:21:20 - PHP Warning:  basename() expects parameter 1 to be string, array given in E:\xampp\htdocs\opencart2302dev\admin\view\template\localisation\lang_editor_form.tpl on line 33
2017-01-02 15:21:20 - PHP Notice:  Array to string conversion in E:\xampp\htdocs\opencart2302dev\admin\view\template\localisation\lang_editor_form.tpl on line 33
2017-01-02 15:21:20 - PHP Warning:  basename() expects parameter 1 to be string, array given in E:\xampp\htdocs\opencart2302dev\admin\view\template\localisation\lang_editor_form.tpl on line 33
2017-01-02 15:21:20 - PHP Notice:  Array to string conversion in E:\xampp\htdocs\opencart2302dev\admin\view\template\localisation\lang_editor_form.tpl on line 33
2017-01-02 15:21:20 - PHP Warning:  basename() expects parameter 1 to be string, array given in E:\xampp\htdocs\opencart2302dev\admin\view\template\localisation\lang_editor_form.tpl on line 33
2017-01-02 15:21:20 - PHP Notice:  Array to string conversion in E:\xampp\htdocs\opencart2302dev\admin\view\template\localisation\lang_editor_form.tpl on line 33
2017-01-02 15:21:20 - PHP Warning:  basename() expects parameter 1 to be string, array given in E:\xampp\htdocs\opencart2302dev\admin\view\template\localisation\lang_editor_form.tpl on line 33
2017-01-02 15:21:20 - PHP Notice:  Array to string conversion in E:\xampp\htdocs\opencart2302dev\admin\view\template\localisation\lang_editor_form.tpl on line 33
2017-01-02 15:21:20 - PHP Warning:  basename() expects parameter 1 to be string, array given in E:\xampp\htdocs\opencart2302dev\admin\view\template\localisation\lang_editor_form.tpl on line 33
2017-01-02 15:21:20 - PHP Notice:  Array to string conversion in E:\xampp\htdocs\opencart2302dev\admin\view\template\localisation\lang_editor_form.tpl on line 33
2017-01-02 15:21:20 - PHP Warning:  basename() expects parameter 1 to be string, array given in E:\xampp\htdocs\opencart2302dev\admin\view\template\localisation\lang_editor_form.tpl on line 33
2017-01-02 15:21:20 - PHP Notice:  Array to string conversion in E:\xampp\htdocs\opencart2302dev\admin\view\template\localisation\lang_editor_form.tpl on line 33
2017-01-02 15:21:20 - PHP Warning:  basename() expects parameter 1 to be string, array given in E:\xampp\htdocs\opencart2302dev\admin\view\template\localisation\lang_editor_form.tpl on line 33
2017-01-02 15:21:20 - PHP Notice:  Array to string conversion in E:\xampp\htdocs\opencart2302dev\admin\view\template\localisation\lang_editor_form.tpl on line 33
2017-01-02 15:21:20 - PHP Warning:  basename() expects parameter 1 to be string, array given in E:\xampp\htdocs\opencart2302dev\admin\view\template\localisation\lang_editor_form.tpl on line 33
2017-01-02 15:21:20 - PHP Notice:  Array to string conversion in E:\xampp\htdocs\opencart2302dev\admin\view\template\localisation\lang_editor_form.tpl on line 33
2017-01-02 15:21:20 - PHP Warning:  basename() expects parameter 1 to be string, array given in E:\xampp\htdocs\opencart2302dev\admin\view\template\localisation\lang_editor_form.tpl on line 33
2017-01-02 15:21:20 - PHP Notice:  Array to string conversion in E:\xampp\htdocs\opencart2302dev\admin\view\template\localisation\lang_editor_form.tpl on line 33
2017-01-02 15:21:20 - PHP Warning:  basename() expects parameter 1 to be string, array given in E:\xampp\htdocs\opencart2302dev\admin\view\template\localisation\lang_editor_form.tpl on line 33
2017-01-02 15:21:20 - PHP Notice:  Array to string conversion in E:\xampp\htdocs\opencart2302dev\admin\view\template\localisation\lang_editor_form.tpl on line 33
2017-01-02 15:21:20 - PHP Warning:  basename() expects parameter 1 to be string, array given in E:\xampp\htdocs\opencart2302dev\admin\view\template\localisation\lang_editor_form.tpl on line 33
2017-01-02 15:21:20 - PHP Notice:  Array to string conversion in E:\xampp\htdocs\opencart2302dev\admin\view\template\localisation\lang_editor_form.tpl on line 33
2017-01-02 15:21:20 - PHP Warning:  basename() expects parameter 1 to be string, array given in E:\xampp\htdocs\opencart2302dev\admin\view\template\localisation\lang_editor_form.tpl on line 33
2017-01-02 15:21:20 - PHP Notice:  Array to string conversion in E:\xampp\htdocs\opencart2302dev\admin\view\template\localisation\lang_editor_form.tpl on line 33
2017-01-02 15:21:20 - PHP Warning:  basename() expects parameter 1 to be string, array given in E:\xampp\htdocs\opencart2302dev\admin\view\template\localisation\lang_editor_form.tpl on line 33
2017-01-02 15:21:20 - PHP Notice:  Array to string conversion in E:\xampp\htdocs\opencart2302dev\admin\view\template\localisation\lang_editor_form.tpl on line 33
2017-01-02 15:21:20 - PHP Warning:  basename() expects parameter 1 to be string, array given in E:\xampp\htdocs\opencart2302dev\admin\view\template\localisation\lang_editor_form.tpl on line 33
2017-01-02 15:21:20 - PHP Notice:  Array to string conversion in E:\xampp\htdocs\opencart2302dev\admin\view\template\localisation\lang_editor_form.tpl on line 33
2017-01-02 15:21:20 - PHP Warning:  basename() expects parameter 1 to be string, array given in E:\xampp\htdocs\opencart2302dev\admin\view\template\localisation\lang_editor_form.tpl on line 33
2017-01-02 15:21:20 - PHP Notice:  Array to string conversion in E:\xampp\htdocs\opencart2302dev\admin\view\template\localisation\lang_editor_form.tpl on line 33
2017-01-02 15:21:20 - PHP Warning:  basename() expects parameter 1 to be string, array given in E:\xampp\htdocs\opencart2302dev\admin\view\template\localisation\lang_editor_form.tpl on line 33
2017-01-02 15:21:20 - PHP Notice:  Array to string conversion in E:\xampp\htdocs\opencart2302dev\admin\view\template\localisation\lang_editor_form.tpl on line 33
2017-01-02 15:21:20 - PHP Warning:  basename() expects parameter 1 to be string, array given in E:\xampp\htdocs\opencart2302dev\admin\view\template\localisation\lang_editor_form.tpl on line 33
2017-01-02 15:21:20 - PHP Notice:  Array to string conversion in E:\xampp\htdocs\opencart2302dev\admin\view\template\localisation\lang_editor_form.tpl on line 33
2017-01-02 15:21:20 - PHP Warning:  basename() expects parameter 1 to be string, array given in E:\xampp\htdocs\opencart2302dev\admin\view\template\localisation\lang_editor_form.tpl on line 33
2017-01-02 15:21:20 - PHP Notice:  Array to string conversion in E:\xampp\htdocs\opencart2302dev\admin\view\template\localisation\lang_editor_form.tpl on line 33
2017-01-02 15:21:20 - PHP Warning:  basename() expects parameter 1 to be string, array given in E:\xampp\htdocs\opencart2302dev\admin\view\template\localisation\lang_editor_form.tpl on line 33
2017-01-02 15:21:20 - PHP Notice:  Array to string conversion in E:\xampp\htdocs\opencart2302dev\admin\view\template\localisation\lang_editor_form.tpl on line 33
2017-01-02 15:21:20 - PHP Warning:  basename() expects parameter 1 to be string, array given in E:\xampp\htdocs\opencart2302dev\admin\view\template\localisation\lang_editor_form.tpl on line 33
2017-01-02 15:21:20 - PHP Notice:  Array to string conversion in E:\xampp\htdocs\opencart2302dev\admin\view\template\localisation\lang_editor_form.tpl on line 33
2017-01-02 15:21:20 - PHP Warning:  basename() expects parameter 1 to be string, array given in E:\xampp\htdocs\opencart2302dev\admin\view\template\localisation\lang_editor_form.tpl on line 33
2017-01-02 15:21:20 - PHP Notice:  Array to string conversion in E:\xampp\htdocs\opencart2302dev\admin\view\template\localisation\lang_editor_form.tpl on line 33
2017-01-02 15:21:20 - PHP Warning:  basename() expects parameter 1 to be string, array given in E:\xampp\htdocs\opencart2302dev\admin\view\template\localisation\lang_editor_form.tpl on line 33
2017-01-02 15:21:20 - PHP Notice:  Array to string conversion in E:\xampp\htdocs\opencart2302dev\admin\view\template\localisation\lang_editor_form.tpl on line 33
2017-01-02 15:21:20 - PHP Warning:  basename() expects parameter 1 to be string, array given in E:\xampp\htdocs\opencart2302dev\admin\view\template\localisation\lang_editor_form.tpl on line 33
2017-01-02 15:21:20 - PHP Notice:  Array to string conversion in E:\xampp\htdocs\opencart2302dev\admin\view\template\localisation\lang_editor_form.tpl on line 33
2017-01-02 15:21:20 - PHP Warning:  basename() expects parameter 1 to be string, array given in E:\xampp\htdocs\opencart2302dev\admin\view\template\localisation\lang_editor_form.tpl on line 33
2017-01-02 15:21:20 - PHP Notice:  Array to string conversion in E:\xampp\htdocs\opencart2302dev\admin\view\template\localisation\lang_editor_form.tpl on line 33
2017-01-02 15:21:20 - PHP Warning:  basename() expects parameter 1 to be string, array given in E:\xampp\htdocs\opencart2302dev\admin\view\template\localisation\lang_editor_form.tpl on line 33
2017-01-02 15:21:20 - PHP Notice:  Array to string conversion in E:\xampp\htdocs\opencart2302dev\admin\view\template\localisation\lang_editor_form.tpl on line 33
2017-01-02 15:21:20 - PHP Warning:  basename() expects parameter 1 to be string, array given in E:\xampp\htdocs\opencart2302dev\admin\view\template\localisation\lang_editor_form.tpl on line 33
2017-01-02 15:21:20 - PHP Notice:  Array to string conversion in E:\xampp\htdocs\opencart2302dev\admin\view\template\localisation\lang_editor_form.tpl on line 33
2017-01-02 15:21:20 - PHP Warning:  basename() expects parameter 1 to be string, array given in E:\xampp\htdocs\opencart2302dev\admin\view\template\localisation\lang_editor_form.tpl on line 33
2017-01-02 15:21:20 - PHP Notice:  Array to string conversion in E:\xampp\htdocs\opencart2302dev\admin\view\template\localisation\lang_editor_form.tpl on line 33
2017-01-02 15:21:20 - PHP Warning:  basename() expects parameter 1 to be string, array given in E:\xampp\htdocs\opencart2302dev\admin\view\template\localisation\lang_editor_form.tpl on line 33
2017-01-02 15:21:20 - PHP Notice:  Array to string conversion in E:\xampp\htdocs\opencart2302dev\admin\view\template\localisation\lang_editor_form.tpl on line 33
2017-01-02 15:21:20 - PHP Warning:  basename() expects parameter 1 to be string, array given in E:\xampp\htdocs\opencart2302dev\admin\view\template\localisation\lang_editor_form.tpl on line 33
2017-01-02 15:21:20 - PHP Notice:  Array to string conversion in E:\xampp\htdocs\opencart2302dev\admin\view\template\localisation\lang_editor_form.tpl on line 33
2017-01-02 15:21:20 - PHP Warning:  basename() expects parameter 1 to be string, array given in E:\xampp\htdocs\opencart2302dev\admin\view\template\localisation\lang_editor_form.tpl on line 33
2017-01-02 15:21:20 - PHP Notice:  Array to string conversion in E:\xampp\htdocs\opencart2302dev\admin\view\template\localisation\lang_editor_form.tpl on line 33
2017-01-02 15:21:20 - PHP Warning:  basename() expects parameter 1 to be string, array given in E:\xampp\htdocs\opencart2302dev\admin\view\template\localisation\lang_editor_form.tpl on line 33
2017-01-02 15:21:20 - PHP Notice:  Array to string conversion in E:\xampp\htdocs\opencart2302dev\admin\view\template\localisation\lang_editor_form.tpl on line 33
2017-01-02 15:21:20 - PHP Warning:  basename() expects parameter 1 to be string, array given in E:\xampp\htdocs\opencart2302dev\admin\view\template\localisation\lang_editor_form.tpl on line 33
2017-01-02 15:21:20 - PHP Notice:  Array to string conversion in E:\xampp\htdocs\opencart2302dev\admin\view\template\localisation\lang_editor_form.tpl on line 33
2017-01-02 15:21:20 - PHP Warning:  basename() expects parameter 1 to be string, array given in E:\xampp\htdocs\opencart2302dev\admin\view\template\localisation\lang_editor_form.tpl on line 33
2017-01-02 15:21:20 - PHP Notice:  Array to string conversion in E:\xampp\htdocs\opencart2302dev\admin\view\template\localisation\lang_editor_form.tpl on line 33
2017-01-02 15:21:20 - PHP Warning:  basename() expects parameter 1 to be string, array given in E:\xampp\htdocs\opencart2302dev\admin\view\template\localisation\lang_editor_form.tpl on line 33
2017-01-02 15:21:20 - PHP Notice:  Array to string conversion in E:\xampp\htdocs\opencart2302dev\admin\view\template\localisation\lang_editor_form.tpl on line 33
2017-01-02 15:21:20 - PHP Warning:  basename() expects parameter 1 to be string, array given in E:\xampp\htdocs\opencart2302dev\admin\view\template\localisation\lang_editor_form.tpl on line 33
2017-01-02 15:21:20 - PHP Notice:  Array to string conversion in E:\xampp\htdocs\opencart2302dev\admin\view\template\localisation\lang_editor_form.tpl on line 33
2017-01-02 15:21:20 - PHP Warning:  basename() expects parameter 1 to be string, array given in E:\xampp\htdocs\opencart2302dev\admin\view\template\localisation\lang_editor_form.tpl on line 33
2017-01-02 15:21:20 - PHP Notice:  Array to string conversion in E:\xampp\htdocs\opencart2302dev\admin\view\template\localisation\lang_editor_form.tpl on line 33
2017-01-02 15:21:20 - PHP Warning:  basename() expects parameter 1 to be string, array given in E:\xampp\htdocs\opencart2302dev\admin\view\template\localisation\lang_editor_form.tpl on line 33
2017-01-02 15:31:13 - PHP Notice:  Use of undefined constant HTTP_TEST - assumed 'HTTP_TEST' in E:\xampp\htdocs\opencart2302dev\admin\controller\extension\store.php on line 76
2017-01-02 15:31:25 - PHP Notice:  Use of undefined constant HTTP_TEST - assumed 'HTTP_TEST' in E:\xampp\htdocs\opencart2302dev\admin\controller\extension\store.php on line 76
2017-01-03 3:27:50 - PHP Notice:  Undefined variable: threads in E:\xampp\htdocs\opencart2302dev\admin\view\template\design\megamenu.tpl on line 47
2017-01-03 3:27:50 - PHP Warning:  Invalid argument supplied for foreach() in E:\xampp\htdocs\opencart2302dev\admin\view\template\design\megamenu.tpl on line 47
2017-01-03 3:34:16 - PHP Notice:  Undefined variable: threads in E:\xampp\htdocs\opencart2302dev\admin\view\template\design\megamenu.tpl on line 47
2017-01-03 3:34:16 - PHP Warning:  Invalid argument supplied for foreach() in E:\xampp\htdocs\opencart2302dev\admin\view\template\design\megamenu.tpl on line 47
2017-01-03 3:41:50 - PHP Notice:  Undefined variable: threads in E:\xampp\htdocs\opencart2302dev\admin\view\template\design\megamenu.tpl on line 47
2017-01-03 3:41:50 - PHP Warning:  Invalid argument supplied for foreach() in E:\xampp\htdocs\opencart2302dev\admin\view\template\design\megamenu.tpl on line 47
2017-01-03 3:42:22 - PHP Notice:  Undefined variable: threads in E:\xampp\htdocs\opencart2302dev\admin\view\template\design\megamenu.tpl on line 47
2017-01-03 3:42:22 - PHP Warning:  Invalid argument supplied for foreach() in E:\xampp\htdocs\opencart2302dev\admin\view\template\design\megamenu.tpl on line 47
2017-01-03 3:56:48 - PHP Notice:  Undefined variable: module_row in E:\xampp\htdocs\opencart2302dev\admin\view\template\design\menu_form.tpl on line 144
2017-01-03 3:56:48 - PHP Notice:  Undefined variable: entry_title in E:\xampp\htdocs\opencart2302dev\admin\view\template\design\menu_form.tpl on line 148
2017-01-03 3:56:48 - PHP Notice:  Undefined variable: placeholder in E:\xampp\htdocs\opencart2302dev\admin\view\template\design\menu_form.tpl on line 150
2017-01-03 3:56:48 - PHP Notice:  Undefined variable: placeholder in E:\xampp\htdocs\opencart2302dev\admin\view\template\design\menu_form.tpl on line 150
2017-01-03 4:25:58 - PHP Notice:  Error: Could not load template E:/xampp/htdocs/opencart2302dev/admin/view/template/localisation/lang_editor_list.tpl! in E:\xampp\htdocs\opencart2302dev\system\library\template\php.php on line 23
2017-01-03 7:07:43 - PHP Notice:  Undefined variable: language in E:\xampp\htdocs\opencart2302dev\admin\view\template\catalog\product_form.tpl on line 2
2017-01-03 8:09:34 - PHP Notice:  Undefined variable: button_image_add in E:\xampp\htdocs\opencart2302dev\admin\view\template\catalog\category_form.tpl on line 223
2017-01-03 8:09:34 - PHP Notice:  Undefined variable: button_remove in E:\xampp\htdocs\opencart2302dev\admin\view\template\catalog\category_form.tpl on line 237
2017-01-03 8:11:07 - PHP Notice:  Undefined variable: tab_image in E:\xampp\htdocs\opencart2302dev\admin\view\template\catalog\category_form.tpl on line 31
2017-01-03 8:11:07 - PHP Notice:  Undefined variable: button_image_add in E:\xampp\htdocs\opencart2302dev\admin\view\template\catalog\category_form.tpl on line 224
2017-01-03 8:11:07 - PHP Notice:  Undefined variable: button_remove in E:\xampp\htdocs\opencart2302dev\admin\view\template\catalog\category_form.tpl on line 238
2017-01-03 8:13:10 - PHP Notice:  Undefined variable: button_image_add in E:\xampp\htdocs\opencart2302dev\admin\view\template\catalog\category_form.tpl on line 224
2017-01-03 8:13:10 - PHP Notice:  Undefined variable: button_remove in E:\xampp\htdocs\opencart2302dev\admin\view\template\catalog\category_form.tpl on line 238
2017-01-04 15:12:37 - PHP Notice:  Undefined variable: footer_top in E:\xampp\htdocs\opencart2302dev\catalog\view\theme\default\template\common\footer.tpl on line 10
2017-01-04 15:12:37 - PHP Notice:  Undefined variable: footer_bottom in E:\xampp\htdocs\opencart2302dev\catalog\view\theme\default\template\common\footer.tpl on line 22
2017-01-04 15:20:34 - PHP Notice:  Undefined variable: footer_top in E:\xampp\htdocs\opencart2302dev\catalog\view\theme\default\template\common\footer.tpl on line 10
2017-01-04 15:20:34 - PHP Notice:  Undefined variable: footer_bottom in E:\xampp\htdocs\opencart2302dev\catalog\view\theme\default\template\common\footer.tpl on line 22
2017-01-04 15:23:23 - PHP Notice:  Undefined variable: footer_top in E:\xampp\htdocs\opencart2302dev\catalog\view\theme\default\template\common\footer.tpl on line 10
2017-01-04 15:23:23 - PHP Notice:  Undefined variable: footer_bottom in E:\xampp\htdocs\opencart2302dev\catalog\view\theme\default\template\common\footer.tpl on line 22
2017-01-04 15:26:12 - PHP Notice:  Undefined variable: footer_top in E:\xampp\htdocs\opencart2302dev\catalog\view\theme\default\template\common\footer.tpl on line 10
2017-01-04 15:26:12 - PHP Notice:  Undefined variable: footer_bottom in E:\xampp\htdocs\opencart2302dev\catalog\view\theme\default\template\common\footer.tpl on line 22
2017-01-04 15:26:12 - PHP Notice:  Array to string conversion in E:\xampp\htdocs\opencart2302dev\catalog\view\theme\default\template\common\header.tpl on line 69
2017-01-04 15:26:40 - PHP Notice:  Undefined variable: footer_top in E:\xampp\htdocs\opencart2302dev\catalog\view\theme\default\template\common\footer.tpl on line 10
2017-01-04 15:26:40 - PHP Notice:  Undefined variable: footer_bottom in E:\xampp\htdocs\opencart2302dev\catalog\view\theme\default\template\common\footer.tpl on line 22
2017-01-04 15:26:40 - PHP Notice:  Array to string conversion in E:\xampp\htdocs\opencart2302dev\catalog\view\theme\default\template\common\header.tpl on line 69
2017-01-04 15:28:16 - PHP Notice:  Undefined variable: footer_top in E:\xampp\htdocs\opencart2302dev\catalog\view\theme\default\template\common\footer.tpl on line 10
2017-01-04 15:28:16 - PHP Notice:  Undefined variable: footer_bottom in E:\xampp\htdocs\opencart2302dev\catalog\view\theme\default\template\common\footer.tpl on line 22
2017-01-04 15:28:16 - PHP Notice:  Array to string conversion in E:\xampp\htdocs\opencart2302dev\catalog\view\theme\default\template\common\header.tpl on line 69
2017-01-04 15:28:58 - PHP Notice:  Undefined variable: footer_top in E:\xampp\htdocs\opencart2302dev\catalog\view\theme\default\template\common\footer.tpl on line 10
2017-01-04 15:28:58 - PHP Notice:  Undefined variable: footer_bottom in E:\xampp\htdocs\opencart2302dev\catalog\view\theme\default\template\common\footer.tpl on line 22
2017-01-04 15:28:58 - PHP Notice:  Array to string conversion in E:\xampp\htdocs\opencart2302dev\catalog\view\theme\default\template\common\header.tpl on line 69
2017-01-04 15:31:01 - PHP Notice:  Undefined variable: footer_top in E:\xampp\htdocs\opencart2302dev\catalog\view\theme\default\template\common\footer.tpl on line 10
2017-01-04 15:31:01 - PHP Notice:  Undefined variable: footer_bottom in E:\xampp\htdocs\opencart2302dev\catalog\view\theme\default\template\common\footer.tpl on line 22
2017-01-04 15:31:01 - PHP Notice:  Array to string conversion in E:\xampp\htdocs\opencart2302dev\catalog\view\theme\default\template\common\header.tpl on line 69
2017-01-04 15:31:18 - PHP Notice:  Undefined variable: footer_top in E:\xampp\htdocs\opencart2302dev\catalog\view\theme\default\template\common\footer.tpl on line 10
2017-01-04 15:31:18 - PHP Notice:  Undefined variable: footer_bottom in E:\xampp\htdocs\opencart2302dev\catalog\view\theme\default\template\common\footer.tpl on line 22
2017-01-04 15:31:19 - PHP Notice:  Array to string conversion in E:\xampp\htdocs\opencart2302dev\catalog\view\theme\default\template\common\header.tpl on line 69
2017-01-04 15:32:08 - PHP Notice:  Undefined variable: footer_top in E:\xampp\htdocs\opencart2302dev\catalog\view\theme\default\template\common\footer.tpl on line 10
2017-01-04 15:32:08 - PHP Notice:  Undefined variable: footer_bottom in E:\xampp\htdocs\opencart2302dev\catalog\view\theme\default\template\common\footer.tpl on line 22
2017-01-04 15:32:08 - PHP Notice:  Array to string conversion in E:\xampp\htdocs\opencart2302dev\catalog\view\theme\default\template\common\header.tpl on line 69
2017-01-04 15:32:21 - PHP Notice:  Undefined variable: footer_top in E:\xampp\htdocs\opencart2302dev\catalog\view\theme\default\template\common\footer.tpl on line 10
2017-01-04 15:32:21 - PHP Notice:  Undefined variable: footer_bottom in E:\xampp\htdocs\opencart2302dev\catalog\view\theme\default\template\common\footer.tpl on line 22
2017-01-04 15:32:21 - PHP Notice:  Array to string conversion in E:\xampp\htdocs\opencart2302dev\catalog\view\theme\default\template\common\header.tpl on line 69
2017-01-04 15:32:50 - PHP Notice:  Undefined variable: footer_top in E:\xampp\htdocs\opencart2302dev\catalog\view\theme\default\template\common\footer.tpl on line 10
2017-01-04 15:32:50 - PHP Notice:  Undefined variable: footer_bottom in E:\xampp\htdocs\opencart2302dev\catalog\view\theme\default\template\common\footer.tpl on line 22
2017-01-04 15:32:50 - PHP Notice:  Array to string conversion in E:\xampp\htdocs\opencart2302dev\catalog\view\theme\default\template\common\header.tpl on line 69
2017-01-04 15:33:19 - PHP Notice:  Undefined variable: footer_top in E:\xampp\htdocs\opencart2302dev\catalog\view\theme\default\template\common\footer.tpl on line 10
2017-01-04 15:33:19 - PHP Notice:  Undefined variable: footer_bottom in E:\xampp\htdocs\opencart2302dev\catalog\view\theme\default\template\common\footer.tpl on line 22
2017-01-04 15:33:19 - PHP Notice:  Array to string conversion in E:\xampp\htdocs\opencart2302dev\catalog\view\theme\default\template\common\header.tpl on line 69
2017-01-04 15:34:13 - PHP Notice:  Undefined variable: footer_top in E:\xampp\htdocs\opencart2302dev\catalog\view\theme\default\template\common\footer.tpl on line 10
2017-01-04 15:34:13 - PHP Notice:  Undefined variable: footer_bottom in E:\xampp\htdocs\opencart2302dev\catalog\view\theme\default\template\common\footer.tpl on line 22
2017-01-04 15:45:37 - PHP Notice:  Undefined variable: footer_top in E:\xampp\htdocs\opencart2302dev\catalog\view\theme\default\template\common\footer.tpl on line 10
2017-01-04 15:45:37 - PHP Notice:  Undefined variable: footer_bottom in E:\xampp\htdocs\opencart2302dev\catalog\view\theme\default\template\common\footer.tpl on line 22
2017-01-04 15:46:36 - PHP Notice:  Undefined variable: footer_top in E:\xampp\htdocs\opencart2302dev\catalog\view\theme\default\template\common\footer.tpl on line 10
2017-01-04 15:46:36 - PHP Notice:  Undefined variable: footer_bottom in E:\xampp\htdocs\opencart2302dev\catalog\view\theme\default\template\common\footer.tpl on line 22
2017-01-04 15:47:10 - PHP Notice:  Undefined variable: footer_top in E:\xampp\htdocs\opencart2302dev\catalog\view\theme\default\template\common\footer.tpl on line 10
2017-01-04 15:47:10 - PHP Notice:  Undefined variable: footer_bottom in E:\xampp\htdocs\opencart2302dev\catalog\view\theme\default\template\common\footer.tpl on line 22
2017-01-04 15:47:20 - PHP Notice:  Undefined variable: footer_top in E:\xampp\htdocs\opencart2302dev\catalog\view\theme\default\template\common\footer.tpl on line 10
2017-01-04 15:47:20 - PHP Notice:  Undefined variable: footer_bottom in E:\xampp\htdocs\opencart2302dev\catalog\view\theme\default\template\common\footer.tpl on line 22
2017-01-04 15:47:43 - PHP Notice:  Undefined variable: footer_top in E:\xampp\htdocs\opencart2302dev\catalog\view\theme\default\template\common\footer.tpl on line 10
2017-01-04 15:47:43 - PHP Notice:  Undefined variable: footer_bottom in E:\xampp\htdocs\opencart2302dev\catalog\view\theme\default\template\common\footer.tpl on line 22
2017-01-04 15:47:53 - PHP Notice:  Undefined variable: footer_top in E:\xampp\htdocs\opencart2302dev\catalog\view\theme\default\template\common\footer.tpl on line 10
2017-01-04 15:47:53 - PHP Notice:  Undefined variable: footer_bottom in E:\xampp\htdocs\opencart2302dev\catalog\view\theme\default\template\common\footer.tpl on line 22
2017-01-04 15:47:57 - PHP Notice:  Undefined variable: footer_top in E:\xampp\htdocs\opencart2302dev\catalog\view\theme\default\template\common\footer.tpl on line 10
2017-01-04 15:47:57 - PHP Notice:  Undefined variable: footer_bottom in E:\xampp\htdocs\opencart2302dev\catalog\view\theme\default\template\common\footer.tpl on line 22
2017-01-04 15:56:03 - PHP Notice:  Undefined variable: footer_top in E:\xampp\htdocs\opencart2302dev\catalog\view\theme\default\template\common\footer.tpl on line 10
2017-01-04 15:56:03 - PHP Notice:  Undefined variable: footer_bottom in E:\xampp\htdocs\opencart2302dev\catalog\view\theme\default\template\common\footer.tpl on line 22
2017-01-04 15:56:35 - PHP Notice:  Undefined variable: footer_top in E:\xampp\htdocs\opencart2302dev\catalog\view\theme\default\template\common\footer.tpl on line 10
2017-01-04 15:56:35 - PHP Notice:  Undefined variable: footer_bottom in E:\xampp\htdocs\opencart2302dev\catalog\view\theme\default\template\common\footer.tpl on line 22
2017-01-04 15:59:19 - PHP Notice:  Undefined variable: footer_top in E:\xampp\htdocs\opencart2302dev\catalog\view\theme\default\template\common\footer.tpl on line 10
2017-01-04 15:59:19 - PHP Notice:  Undefined variable: footer_bottom in E:\xampp\htdocs\opencart2302dev\catalog\view\theme\default\template\common\footer.tpl on line 22
2017-01-04 16:00:20 - PHP Notice:  Undefined variable: footer_top in E:\xampp\htdocs\opencart2302dev\catalog\view\theme\default\template\common\footer.tpl on line 10
2017-01-04 16:00:20 - PHP Notice:  Undefined variable: footer_bottom in E:\xampp\htdocs\opencart2302dev\catalog\view\theme\default\template\common\footer.tpl on line 22
2017-01-04 16:01:29 - PHP Notice:  Undefined variable: footer_top in E:\xampp\htdocs\opencart2302dev\catalog\view\theme\default\template\common\footer.tpl on line 10
2017-01-04 16:01:29 - PHP Notice:  Undefined variable: footer_bottom in E:\xampp\htdocs\opencart2302dev\catalog\view\theme\default\template\common\footer.tpl on line 22
2017-01-04 16:02:58 - PHP Notice:  Undefined variable: footer_top in E:\xampp\htdocs\opencart2302dev\catalog\view\theme\default\template\common\footer.tpl on line 10
2017-01-04 16:02:58 - PHP Notice:  Undefined variable: footer_bottom in E:\xampp\htdocs\opencart2302dev\catalog\view\theme\default\template\common\footer.tpl on line 22
2017-01-04 16:04:11 - PHP Notice:  Undefined variable: footer_top in E:\xampp\htdocs\opencart2302dev\catalog\view\theme\default\template\common\footer.tpl on line 10
2017-01-04 16:04:11 - PHP Notice:  Undefined variable: footer_bottom in E:\xampp\htdocs\opencart2302dev\catalog\view\theme\default\template\common\footer.tpl on line 22
2017-01-04 16:09:55 - PHP Notice:  Undefined variable: footer_top in E:\xampp\htdocs\opencart2302dev\catalog\view\theme\default\template\common\footer.tpl on line 10
2017-01-04 16:09:55 - PHP Notice:  Undefined variable: footer_bottom in E:\xampp\htdocs\opencart2302dev\catalog\view\theme\default\template\common\footer.tpl on line 22
2017-01-04 16:13:30 - PHP Notice:  Undefined variable: footer_top in E:\xampp\htdocs\opencart2302dev\catalog\view\theme\default\template\common\footer.tpl on line 10
2017-01-04 16:13:30 - PHP Notice:  Undefined variable: footer_bottom in E:\xampp\htdocs\opencart2302dev\catalog\view\theme\default\template\common\footer.tpl on line 22
2017-01-04 16:29:30 - PHP Notice:  Undefined variable: footer_top in E:\xampp\htdocs\opencart2302dev\catalog\view\theme\default\template\common\footer.tpl on line 10
2017-01-04 16:29:30 - PHP Notice:  Undefined variable: footer_bottom in E:\xampp\htdocs\opencart2302dev\catalog\view\theme\default\template\common\footer.tpl on line 22
2017-01-04 16:29:32 - PHP Notice:  Undefined variable: footer_top in E:\xampp\htdocs\opencart2302dev\catalog\view\theme\default\template\common\footer.tpl on line 10
2017-01-04 16:29:32 - PHP Notice:  Undefined variable: footer_bottom in E:\xampp\htdocs\opencart2302dev\catalog\view\theme\default\template\common\footer.tpl on line 22
2017-01-04 16:30:09 - PHP Unknown:  Argument 2 passed to Event::trigger() must be of the type array, string given, called in E:\xampp\htdocs\opencart2302dev\admin\model\extension\visualbuilder.php on line 14 and defined in E:\xampp\htdocs\opencart2302dev\system\engine\event.php on line 19
2017-01-04 16:30:11 - PHP Notice:  Undefined variable: footer_top in E:\xampp\htdocs\opencart2302dev\catalog\view\theme\default\template\common\footer.tpl on line 10
2017-01-04 16:30:11 - PHP Notice:  Undefined variable: footer_bottom in E:\xampp\htdocs\opencart2302dev\catalog\view\theme\default\template\common\footer.tpl on line 22
2017-01-04 16:31:52 - PHP Notice:  Undefined variable: footer_top in E:\xampp\htdocs\opencart2302dev\catalog\view\theme\default\template\common\footer.tpl on line 10
2017-01-04 16:31:52 - PHP Notice:  Undefined variable: footer_bottom in E:\xampp\htdocs\opencart2302dev\catalog\view\theme\default\template\common\footer.tpl on line 22
2017-01-04 16:32:45 - PHP Notice:  Undefined variable: footer_top in E:\xampp\htdocs\opencart2302dev\catalog\view\theme\default\template\common\footer.tpl on line 10
2017-01-04 16:32:45 - PHP Notice:  Undefined variable: footer_bottom in E:\xampp\htdocs\opencart2302dev\catalog\view\theme\default\template\common\footer.tpl on line 22
2017-01-04 16:33:15 - PHP Notice:  Undefined variable: footer_top in E:\xampp\htdocs\opencart2302dev\catalog\view\theme\default\template\common\footer.tpl on line 10
2017-01-04 16:33:15 - PHP Notice:  Undefined variable: footer_bottom in E:\xampp\htdocs\opencart2302dev\catalog\view\theme\default\template\common\footer.tpl on line 22
2017-01-04 16:33:36 - PHP Notice:  Undefined variable: footer_top in E:\xampp\htdocs\opencart2302dev\catalog\view\theme\default\template\common\footer.tpl on line 10
2017-01-04 16:33:36 - PHP Notice:  Undefined variable: footer_bottom in E:\xampp\htdocs\opencart2302dev\catalog\view\theme\default\template\common\footer.tpl on line 22
2017-01-04 16:33:41 - PHP Notice:  Undefined variable: footer_top in E:\xampp\htdocs\opencart2302dev\catalog\view\theme\default\template\common\footer.tpl on line 10
2017-01-04 16:33:41 - PHP Notice:  Undefined variable: footer_bottom in E:\xampp\htdocs\opencart2302dev\catalog\view\theme\default\template\common\footer.tpl on line 22
2017-01-04 16:34:32 - PHP Notice:  Undefined variable: footer_top in E:\xampp\htdocs\opencart2302dev\catalog\view\theme\default\template\common\footer.tpl on line 10
2017-01-04 16:34:32 - PHP Notice:  Undefined variable: footer_bottom in E:\xampp\htdocs\opencart2302dev\catalog\view\theme\default\template\common\footer.tpl on line 22
2017-01-04 16:36:46 - PHP Notice:  Undefined variable: footer_top in E:\xampp\htdocs\opencart2302dev\catalog\view\theme\default\template\common\footer.tpl on line 10
2017-01-04 16:36:46 - PHP Notice:  Undefined variable: footer_bottom in E:\xampp\htdocs\opencart2302dev\catalog\view\theme\default\template\common\footer.tpl on line 22
2017-03-18 16:53:08 - PHP Notice:  Undefined variable: new in C:\xampp\htdocs\opencart2302dev\system\storage\modification\admin\view\template\extension\modification.tpl on line 6
2017-03-18 16:53:08 - PHP Notice:  Undefined variable: button_new in C:\xampp\htdocs\opencart2302dev\system\storage\modification\admin\view\template\extension\modification.tpl on line 6
2017-03-18 16:53:08 - PHP Notice:  Undefined index: edit in C:\xampp\htdocs\opencart2302dev\system\storage\modification\admin\view\template\extension\modification.tpl on line 96
2017-03-18 16:53:08 - PHP Notice:  Undefined variable: button_edit in C:\xampp\htdocs\opencart2302dev\system\storage\modification\admin\view\template\extension\modification.tpl on line 96
2017-03-18 16:53:08 - PHP Notice:  Undefined index: download in C:\xampp\htdocs\opencart2302dev\system\storage\modification\admin\view\template\extension\modification.tpl on line 97
2017-03-18 16:53:08 - PHP Notice:  Undefined variable: button_download in C:\xampp\htdocs\opencart2302dev\system\storage\modification\admin\view\template\extension\modification.tpl on line 97
2017-03-18 16:55:05 - PHP Notice:  Undefined variable: new in C:\xampp\htdocs\opencart2302dev\system\storage\modification\admin\view\template\extension\modification.tpl on line 6
2017-03-18 16:55:05 - PHP Notice:  Undefined variable: button_new in C:\xampp\htdocs\opencart2302dev\system\storage\modification\admin\view\template\extension\modification.tpl on line 6
2017-03-18 16:55:05 - PHP Notice:  Undefined index: edit in C:\xampp\htdocs\opencart2302dev\system\storage\modification\admin\view\template\extension\modification.tpl on line 96
2017-03-18 16:55:05 - PHP Notice:  Undefined variable: button_edit in C:\xampp\htdocs\opencart2302dev\system\storage\modification\admin\view\template\extension\modification.tpl on line 96
2017-03-18 16:55:05 - PHP Notice:  Undefined index: download in C:\xampp\htdocs\opencart2302dev\system\storage\modification\admin\view\template\extension\modification.tpl on line 97
2017-03-18 16:55:05 - PHP Notice:  Undefined variable: button_download in C:\xampp\htdocs\opencart2302dev\system\storage\modification\admin\view\template\extension\modification.tpl on line 97
2017-03-28 14:55:55 - PHP Warning:  require_once(C:/xampp/htdocs/opencart2302dev/system/pavothemes/loader.php): failed to open stream: No such file or directory in C:\xampp\htdocs\opencart2302dev\admin\controller\extension\module\pavmegamenu.php on line 9
2017-03-28 14:57:17 - PHP Warning:  require_once(C:/xampp/htdocs/opencart2302dev/system/pavothemes/loader.php): failed to open stream: No such file or directory in C:\xampp\htdocs\opencart2302dev\admin\controller\extension\module\pavmegamenu.php on line 9
2017-05-23 16:51:37 - PHP Unknown:  Object of class stdClass could not be converted to string in C:\xampp\htdocs\opencart2302dev\admin\model\design\navigation.php on line 80
2017-05-23 16:56:35 - PHP Notice:  Undefined variable: output in C:\xampp\htdocs\opencart2302dev\admin\model\menu\tree.php on line 147
2017-05-23 16:59:17 - PHP Notice:  Undefined variable: module_row in C:\xampp\htdocs\opencart2302dev\admin\view\template\design\menu_form.tpl on line 144
2017-05-23 16:59:17 - PHP Notice:  Undefined variable: entry_title in C:\xampp\htdocs\opencart2302dev\admin\view\template\design\menu_form.tpl on line 148
2017-05-23 16:59:17 - PHP Notice:  Undefined variable: placeholder in C:\xampp\htdocs\opencart2302dev\admin\view\template\design\menu_form.tpl on line 150
2017-05-23 16:59:17 - PHP Notice:  Undefined variable: placeholder in C:\xampp\htdocs\opencart2302dev\admin\view\template\design\menu_form.tpl on line 150
2017-05-23 16:59:51 - PHP Notice:  Undefined index: link in C:\xampp\htdocs\opencart2302dev\admin\model\design\menu.php on line 4
2017-05-23 16:59:51 - PHP Notice:  Undefined index: store in C:\xampp\htdocs\opencart2302dev\admin\controller\design\menu.php on line 178
2017-05-23 17:00:17 - PHP Notice:  Undefined index: store in C:\xampp\htdocs\opencart2302dev\admin\controller\design\menu.php on line 178
2017-05-23 17:08:13 - PHP Unknown:  Object of class stdClass could not be converted to string in C:\xampp\htdocs\opencart2302dev\admin\model\design\navigation.php on line 80
2017-05-23 17:08:53 - PHP Unknown:  Object of class stdClass could not be converted to string in C:\xampp\htdocs\opencart2302dev\admin\model\design\navigation.php on line 80
2017-05-23 17:26:28 - PHP Unknown:  Object of class stdClass could not be converted to string in C:\xampp\htdocs\opencart2302dev\admin\model\design\navigation.php on line 80
